2023-10-07 16:30:26.839 [info] Started initializing default profile extensions in extensions installation folder. file:///home/akali/.vscode/extensions
2023-10-07 16:30:27.194 [info] Completed initializing default profile extensions in extensions installation folder. file:///home/akali/.vscode/extensions
2023-10-07 16:47:47.714 [info] Getting Manifest... ms-vscode.cpptools-extension-pack
2023-10-07 16:47:47.720 [info] Installing extension: ms-vscode.cpptools-extension-pack
2023-10-07 16:47:48.315 [info] Getting Manifest... ms-vscode.cpptools
2023-10-07 16:47:48.359 [info] Getting Manifest... ms-vscode.cmake-tools
2023-10-07 16:47:48.474 [info] Getting Manifest... twxs.cmake
2023-10-07 16:47:48.556 [info] Getting Manifest... ms-vscode.cpptools-themes
2023-10-07 16:47:48.640 [info] Installing extension: ms-vscode.cpptools ms-vscode.cpptools-extension-pack
2023-10-07 16:47:48.641 [info] Installing extension: ms-vscode.cmake-tools ms-vscode.cpptools-extension-pack
2023-10-07 16:47:48.641 [info] Installing extension: twxs.cmake ms-vscode.cpptools-extension-pack
2023-10-07 16:47:48.641 [info] Installing extension: ms-vscode.cpptools-themes ms-vscode.cpptools-extension-pack
2023-10-07 16:48:20.649 [info] Extension signature is verified: ms-vscode.cpptools-themes
2023-10-07 16:48:20.675 [info] Extension signature is verified: twxs.cmake
2023-10-07 16:48:20.687 [info] Extracted extension to file:///home/akali/.vscode/extensions/ms-vscode.cpptools-themes-2.0.0: ms-vscode.cpptools-themes
2023-10-07 16:48:20.692 [info] Extension signature is verified: ms-vscode.cmake-tools
2023-10-07 16:48:20.724 [info] Renamed to /home/akali/.vscode/extensions/ms-vscode.cpptools-themes-2.0.0
2023-10-07 16:48:20.727 [info] Extracting extension completed. ms-vscode.cpptools-themes
2023-10-07 16:48:20.811 [error] [uncaught exception in sharedProcess]: Error: ENOENT: no such file or directory, stat '/home/akali/.vscode/extensions/extensions.json.vsctmp': EntryNotFound (FileSystemError): Error: ENOENT: no such file or directory, stat '/home/akali/.vscode/extensions/extensions.json.vsctmp'
    at s.create (/snap/code/142/usr/share/code/resources/app/out/vs/code/node/sharedProcess/sharedProcessMain.js:51:30209)
    at i (/snap/code/142/usr/share/code/resources/app/out/vs/code/node/sharedProcess/sharedProcessMain.js:51:30329)
    at t.eb (/snap/code/142/usr/share/code/resources/app/out/vs/code/node/sharedProcess/sharedProcessMain.js:56:35625)
    at t.stat (/snap/code/142/usr/share/code/resources/app/out/vs/code/node/sharedProcess/sharedProcessMain.js:56:28201)
    at async w.stat (/snap/code/142/usr/share/code/resources/app/out/vs/code/node/sharedProcess/sharedProcessMain.js:56:15579)
    at async Q.tb (/snap/code/142/usr/share/code/resources/app/out/vs/code/node/sharedProcess/sharedProcessMain.js:109:9514)
2023-10-07 16:48:20.892 [info] Extracted extension to file:///home/akali/.vscode/extensions/twxs.cmake-0.0.17: twxs.cmake
2023-10-07 16:48:20.920 [info] Extracted extension to file:///home/akali/.vscode/extensions/ms-vscode.cmake-tools-1.15.31: ms-vscode.cmake-tools
2023-10-07 16:48:20.926 [info] Renamed to /home/akali/.vscode/extensions/twxs.cmake-0.0.17
2023-10-07 16:48:20.928 [info] Extracting extension completed. twxs.cmake
2023-10-07 16:48:20.971 [info] Renamed to /home/akali/.vscode/extensions/ms-vscode.cmake-tools-1.15.31
2023-10-07 16:48:20.980 [info] Extracting extension completed. ms-vscode.cmake-tools
2023-10-07 16:48:22.463 [info] Extension signature is verified: ms-vscode.cpptools
2023-10-07 16:48:24.368 [info] Extracted extension to file:///home/akali/.vscode/extensions/ms-vscode.cpptools-1.17.5-linux-x64: ms-vscode.cpptools
2023-10-07 16:48:24.407 [info] Renamed to /home/akali/.vscode/extensions/ms-vscode.cpptools-1.17.5-linux-x64
2023-10-07 16:48:24.418 [info] Extracting extension completed. ms-vscode.cpptools
2023-10-07 16:48:24.504 [error] [uncaught exception in sharedProcess]: Error: ENOENT: no such file or directory, stat '/home/akali/.vscode/extensions/extensions.json.vsctmp': EntryNotFound (FileSystemError): Error: ENOENT: no such file or directory, stat '/home/akali/.vscode/extensions/extensions.json.vsctmp'
    at s.create (/snap/code/142/usr/share/code/resources/app/out/vs/code/node/sharedProcess/sharedProcessMain.js:51:30209)
    at i (/snap/code/142/usr/share/code/resources/app/out/vs/code/node/sharedProcess/sharedProcessMain.js:51:30329)
    at t.eb (/snap/code/142/usr/share/code/resources/app/out/vs/code/node/sharedProcess/sharedProcessMain.js:56:35625)
    at t.stat (/snap/code/142/usr/share/code/resources/app/out/vs/code/node/sharedProcess/sharedProcessMain.js:56:28201)
    at async w.stat (/snap/code/142/usr/share/code/resources/app/out/vs/code/node/sharedProcess/sharedProcessMain.js:56:15579)
    at async Q.tb (/snap/code/142/usr/share/code/resources/app/out/vs/code/node/sharedProcess/sharedProcessMain.js:109:9514)
2023-10-07 16:48:42.214 [info] Getting Manifest... vscodevim.vim
2023-10-07 16:48:42.220 [info] Installing extension: vscodevim.vim
2023-10-07 16:48:55.514 [info] Extension signature is verified: ms-vscode.cpptools-extension-pack
2023-10-07 16:48:55.527 [info] Extracted extension to file:///home/akali/.vscode/extensions/ms-vscode.cpptools-extension-pack-1.3.0: ms-vscode.cpptools-extension-pack
2023-10-07 16:48:55.631 [info] Renamed to /home/akali/.vscode/extensions/ms-vscode.cpptools-extension-pack-1.3.0
2023-10-07 16:48:55.633 [info] Extracting extension completed. ms-vscode.cpptools-extension-pack
2023-10-07 16:48:55.669 [info] Extension installed successfully: ms-vscode.cpptools-themes
2023-10-07 16:48:55.669 [info] Extension installed successfully: twxs.cmake
2023-10-07 16:48:55.669 [info] Extension installed successfully: ms-vscode.cmake-tools
2023-10-07 16:48:55.670 [info] Extension installed successfully: ms-vscode.cpptools
2023-10-07 16:48:55.670 [info] Extension installed successfully: ms-vscode.cpptools-extension-pack
2023-10-07 16:48:55.695 [error] [uncaught exception in sharedProcess]: Error: ENOENT: no such file or directory, stat '/home/akali/.vscode/extensions/extensions.json.vsctmp': EntryNotFound (FileSystemError): Error: ENOENT: no such file or directory, stat '/home/akali/.vscode/extensions/extensions.json.vsctmp'
    at s.create (/snap/code/142/usr/share/code/resources/app/out/vs/code/node/sharedProcess/sharedProcessMain.js:51:30209)
    at i (/snap/code/142/usr/share/code/resources/app/out/vs/code/node/sharedProcess/sharedProcessMain.js:51:30329)
    at t.eb (/snap/code/142/usr/share/code/resources/app/out/vs/code/node/sharedProcess/sharedProcessMain.js:56:35625)
    at t.stat (/snap/code/142/usr/share/code/resources/app/out/vs/code/node/sharedProcess/sharedProcessMain.js:56:28201)
    at async w.stat (/snap/code/142/usr/share/code/resources/app/out/vs/code/node/sharedProcess/sharedProcessMain.js:56:15579)
    at async Q.tb (/snap/code/142/usr/share/code/resources/app/out/vs/code/node/sharedProcess/sharedProcessMain.js:109:9514)
2023-10-07 16:48:57.935 [info] Getting Manifest... catppuccin.catppuccin-vsc-icons
2023-10-07 16:48:57.940 [info] Installing extension: catppuccin.catppuccin-vsc-icons
2023-10-07 16:49:13.546 [info] Extension signature is verified: vscodevim.vim
2023-10-07 16:49:13.581 [info] Extracted extension to file:///home/akali/.vscode/extensions/vscodevim.vim-1.26.0: vscodevim.vim
2023-10-07 16:49:13.625 [info] Renamed to /home/akali/.vscode/extensions/vscodevim.vim-1.26.0
2023-10-07 16:49:13.629 [info] Extracting extension completed. vscodevim.vim
2023-10-07 16:49:13.669 [info] Extension installed successfully: vscodevim.vim
2023-10-07 16:49:13.709 [error] [uncaught exception in sharedProcess]: Error: ENOENT: no such file or directory, stat '/home/akali/.vscode/extensions/extensions.json.vsctmp': EntryNotFound (FileSystemError): Error: ENOENT: no such file or directory, stat '/home/akali/.vscode/extensions/extensions.json.vsctmp'
    at s.create (/snap/code/142/usr/share/code/resources/app/out/vs/code/node/sharedProcess/sharedProcessMain.js:51:30209)
    at i (/snap/code/142/usr/share/code/resources/app/out/vs/code/node/sharedProcess/sharedProcessMain.js:51:30329)
    at t.eb (/snap/code/142/usr/share/code/resources/app/out/vs/code/node/sharedProcess/sharedProcessMain.js:56:35625)
    at t.stat (/snap/code/142/usr/share/code/resources/app/out/vs/code/node/sharedProcess/sharedProcessMain.js:56:28201)
    at async w.stat (/snap/code/142/usr/share/code/resources/app/out/vs/code/node/sharedProcess/sharedProcessMain.js:56:15579)
    at async Q.tb (/snap/code/142/usr/share/code/resources/app/out/vs/code/node/sharedProcess/sharedProcessMain.js:109:9514)
2023-10-07 16:49:24.925 [info] Getting Manifest... catppuccin.catppuccin-vsc
2023-10-07 16:49:24.934 [info] Installing extension: catppuccin.catppuccin-vsc
2023-10-07 16:49:29.340 [info] Extension signature is verified: catppuccin.catppuccin-vsc-icons
2023-10-07 16:49:29.920 [info] Extracted extension to file:///home/akali/.vscode/extensions/catppuccin.catppuccin-vsc-icons-0.28.0: catppuccin.catppuccin-vsc-icons
2023-10-07 16:49:29.957 [info] Renamed to /home/akali/.vscode/extensions/catppuccin.catppuccin-vsc-icons-0.28.0
2023-10-07 16:49:29.958 [info] Extracting extension completed. catppuccin.catppuccin-vsc-icons
2023-10-07 16:49:30.000 [info] Extension installed successfully: catppuccin.catppuccin-vsc-icons
2023-10-07 16:49:30.037 [error] [uncaught exception in sharedProcess]: Error: ENOENT: no such file or directory, stat '/home/akali/.vscode/extensions/extensions.json.vsctmp': EntryNotFound (FileSystemError): Error: ENOENT: no such file or directory, stat '/home/akali/.vscode/extensions/extensions.json.vsctmp'
    at s.create (/snap/code/142/usr/share/code/resources/app/out/vs/code/node/sharedProcess/sharedProcessMain.js:51:30209)
    at i (/snap/code/142/usr/share/code/resources/app/out/vs/code/node/sharedProcess/sharedProcessMain.js:51:30329)
    at t.eb (/snap/code/142/usr/share/code/resources/app/out/vs/code/node/sharedProcess/sharedProcessMain.js:56:35625)
    at t.stat (/snap/code/142/usr/share/code/resources/app/out/vs/code/node/sharedProcess/sharedProcessMain.js:56:28201)
    at async w.stat (/snap/code/142/usr/share/code/resources/app/out/vs/code/node/sharedProcess/sharedProcessMain.js:56:15579)
    at async Q.tb (/snap/code/142/usr/share/code/resources/app/out/vs/code/node/sharedProcess/sharedProcessMain.js:109:9514)
2023-10-07 16:49:56.211 [info] Extension signature is verified: catppuccin.catppuccin-vsc
2023-10-07 16:49:56.221 [info] Extracted extension to file:///home/akali/.vscode/extensions/catppuccin.catppuccin-vsc-3.3.0: catppuccin.catppuccin-vsc
2023-10-07 16:49:56.262 [info] Renamed to /home/akali/.vscode/extensions/catppuccin.catppuccin-vsc-3.3.0
2023-10-07 16:49:56.263 [info] Extracting extension completed. catppuccin.catppuccin-vsc
2023-10-07 16:49:56.297 [info] Extension installed successfully: catppuccin.catppuccin-vsc
2023-10-07 16:49:56.342 [error] [uncaught exception in sharedProcess]: Error: ENOENT: no such file or directory, stat '/home/akali/.vscode/extensions/extensions.json.vsctmp': EntryNotFound (FileSystemError): Error: ENOENT: no such file or directory, stat '/home/akali/.vscode/extensions/extensions.json.vsctmp'
    at s.create (/snap/code/142/usr/share/code/resources/app/out/vs/code/node/sharedProcess/sharedProcessMain.js:51:30209)
    at i (/snap/code/142/usr/share/code/resources/app/out/vs/code/node/sharedProcess/sharedProcessMain.js:51:30329)
    at t.eb (/snap/code/142/usr/share/code/resources/app/out/vs/code/node/sharedProcess/sharedProcessMain.js:56:35625)
    at t.stat (/snap/code/142/usr/share/code/resources/app/out/vs/code/node/sharedProcess/sharedProcessMain.js:56:28201)
    at async w.stat (/snap/code/142/usr/share/code/resources/app/out/vs/code/node/sharedProcess/sharedProcessMain.js:56:15579)
    at async Q.tb (/snap/code/142/usr/share/code/resources/app/out/vs/code/node/sharedProcess/sharedProcessMain.js:109:9514)
