2023-10-07 16:31:33.096 [info] Log level: Info
2023-10-07 16:31:33.096 [info] Validating found git in: "git"
2023-10-07 16:31:33.096 [info] Using git "2.39.2" from "git"
2023-10-07 16:31:33.096 [info] > git rev-parse --show-toplevel [3ms]
2023-10-07 16:31:33.096 [info] > git rev-parse --git-dir --git-common-dir [1ms]
2023-10-07 16:31:33.107 [info] Open repository: /home/akali/Developer/Mira
2023-10-07 16:31:33.121 [info] > git rev-parse --show-toplevel [2ms]
2023-10-07 16:31:33.122 [info] > git config --get commit.template [8ms]
2023-10-07 16:31:33.137 [info] > git rev-parse --show-toplevel [8ms]
2023-10-07 16:31:33.145 [info] > git for-each-ref --format=%(refname)%00%(upstream:short)%00%(objectname)%00%(upstream:track)%00%(upstream:remotename)%00%(upstream:remoteref) refs/heads/master refs/remotes/master [10ms]
2023-10-07 16:31:33.152 [info] > git rev-parse --show-toplevel [8ms]
2023-10-07 16:31:33.158 [info] > git status -z -uall [7ms]
2023-10-07 16:31:33.170 [info] > git rev-parse --show-toplevel [12ms]
2023-10-07 16:31:33.177 [info] > git config --get commit.template [8ms]
2023-10-07 16:31:33.178 [info] > git rev-parse --show-toplevel [2ms]
2023-10-07 16:31:33.223 [info] > git rev-parse --show-toplevel [37ms]
2023-10-07 16:31:33.224 [info] > git for-each-ref --format=%(refname)%00%(upstream:short)%00%(objectname)%00%(upstream:track)%00%(upstream:remotename)%00%(upstream:remoteref) refs/heads/master refs/remotes/master [42ms]
2023-10-07 16:31:33.249 [info] > git status -z -uall [21ms]
2023-10-07 16:31:33.645 [info] > git check-ignore -v -z --stdin [1ms]
2023-10-07 16:32:22.541 [info] > git config --get commit.template [5ms]
2023-10-07 16:32:22.541 [info] > git for-each-ref --format=%(refname)%00%(upstream:short)%00%(objectname)%00%(upstream:track)%00%(upstream:remotename)%00%(upstream:remoteref) refs/heads/master refs/remotes/master [1ms]
2023-10-07 16:32:22.547 [info] > git status -z -uall [2ms]
2023-10-07 16:32:23.902 [info] > git check-ignore -v -z --stdin [1ms]
2023-10-07 16:32:27.565 [info] > git config --get commit.template [5ms]
2023-10-07 16:32:27.565 [info] > git for-each-ref --format=%(refname)%00%(upstream:short)%00%(objectname)%00%(upstream:track)%00%(upstream:remotename)%00%(upstream:remoteref) refs/heads/master refs/remotes/master [1ms]
2023-10-07 16:32:27.571 [info] > git status -z -uall [2ms]
2023-10-07 16:32:28.712 [info] > git check-ignore -v -z --stdin [1ms]
2023-10-07 16:32:33.535 [info] > git check-ignore -v -z --stdin [1ms]
2023-10-07 16:33:12.796 [info] > git config --get commit.template [5ms]
2023-10-07 16:33:12.797 [info] > git for-each-ref --format=%(refname)%00%(upstream:short)%00%(objectname)%00%(upstream:track)%00%(upstream:remotename)%00%(upstream:remoteref) refs/heads/master refs/remotes/master [1ms]
2023-10-07 16:33:12.806 [info] > git status -z -uall [2ms]
2023-10-07 16:39:21.431 [info] > git check-ignore -v -z --stdin [2ms]
2023-10-07 16:39:21.888 [info] > git show --textconv :samples/fibonacci.mira [54ms]
2023-10-07 16:39:21.888 [info] > git ls-files --stage -- /home/akali/Developer/Mira/samples/fibonacci.mira [49ms]
2023-10-07 16:39:21.899 [info] > git cat-file -s 29db43a32fb0ae15304ef0b7e2d3ea7c3f66b1ed [4ms]
2023-10-07 16:39:25.670 [info] > git show --textconv :samples/guessing_game.mira [6ms]
2023-10-07 16:39:25.671 [info] > git ls-files --stage -- /home/akali/Developer/Mira/samples/guessing_game.mira [2ms]
2023-10-07 16:39:25.676 [info] > git cat-file -s 99a024602e73f571072a67960386d3fdae90cbd8 [1ms]
2023-10-07 16:39:41.358 [info] > git config --get commit.template [6ms]
2023-10-07 16:39:41.358 [info] > git for-each-ref --format=%(refname)%00%(upstream:short)%00%(objectname)%00%(upstream:track)%00%(upstream:remotename)%00%(upstream:remoteref) refs/heads/master refs/remotes/master [1ms]
2023-10-07 16:39:41.366 [info] > git status -z -uall [3ms]
2023-10-07 16:39:46.986 [info] > git config --get commit.template [2ms]
2023-10-07 16:39:46.991 [info] > git for-each-ref --format=%(refname)%00%(upstream:short)%00%(objectname)%00%(upstream:track)%00%(upstream:remotename)%00%(upstream:remoteref) refs/heads/master refs/remotes/master [1ms]
2023-10-07 16:39:46.996 [info] > git status -z -uall [1ms]
2023-10-07 16:40:48.013 [info] > git config --get commit.template [6ms]
2023-10-07 16:40:48.014 [info] > git for-each-ref --format=%(refname)%00%(upstream:short)%00%(objectname)%00%(upstream:track)%00%(upstream:remotename)%00%(upstream:remoteref) refs/heads/master refs/remotes/master [2ms]
2023-10-07 16:40:48.022 [info] > git status -z -uall [2ms]
2023-10-07 16:40:59.120 [info] > git config --get commit.template [6ms]
2023-10-07 16:40:59.121 [info] > git for-each-ref --format=%(refname)%00%(upstream:short)%00%(objectname)%00%(upstream:track)%00%(upstream:remotename)%00%(upstream:remoteref) refs/heads/master refs/remotes/master [2ms]
2023-10-07 16:40:59.128 [info] > git status -z -uall [2ms]
2023-10-07 16:41:01.486 [info] > git add -A -- /home/akali/Developer/Mira/samples/guessing_game.mira [2ms]
2023-10-07 16:41:01.496 [info] > git config --get commit.template [5ms]
2023-10-07 16:41:01.497 [info] > git for-each-ref --format=%(refname)%00%(upstream:short)%00%(objectname)%00%(upstream:track)%00%(upstream:remotename)%00%(upstream:remoteref) refs/heads/master refs/remotes/master [1ms]
2023-10-07 16:41:01.504 [info] > git status -z -uall [1ms]
2023-10-07 16:41:02.680 [info] > git ls-files --stage -- /home/akali/Developer/Mira/samples/guessing_game.mira [2ms]
2023-10-07 16:41:02.686 [info] > git cat-file -s a15524c887f675925875bf17891df86f5f2c208a [1ms]
2023-10-07 16:41:02.694 [info] > git show --textconv :samples/guessing_game.mira [1ms]
2023-10-07 16:41:04.148 [info] > git config --get commit.template [7ms]
2023-10-07 16:41:04.149 [info] > git for-each-ref --format=%(refname)%00%(upstream:short)%00%(objectname)%00%(upstream:track)%00%(upstream:remotename)%00%(upstream:remoteref) refs/heads/master refs/remotes/master [1ms]
2023-10-07 16:41:04.156 [info] > git status -z -uall [2ms]
2023-10-07 16:41:05.144 [info] > git -c user.useConfigOnly=true commit --quiet --allow-empty-message --file - [5ms]
2023-10-07 16:41:05.151 [info] > git config --get commit.template [2ms]
2023-10-07 16:41:05.166 [info] > git config --get commit.template [7ms]
2023-10-07 16:41:05.168 [info] > git for-each-ref --format=%(refname)%00%(upstream:short)%00%(objectname)%00%(upstream:track)%00%(upstream:remotename)%00%(upstream:remoteref) refs/heads/master refs/remotes/master [4ms]
2023-10-07 16:41:05.176 [info] > git status -z -uall [2ms]
2023-10-07 16:41:05.241 [info] > git config --get commit.template [1ms]
2023-10-07 16:41:05.250 [info] > git for-each-ref --format=%(refname)%00%(upstream:short)%00%(objectname)%00%(upstream:track)%00%(upstream:remotename)%00%(upstream:remoteref) refs/heads/master refs/remotes/master [2ms]
2023-10-07 16:41:05.257 [info] > git status -z -uall [1ms]
2023-10-07 16:41:06.357 [info] > git ls-files --stage -- /home/akali/Developer/Mira/samples/guessing_game.mira [2ms]
2023-10-07 16:41:06.362 [info] > git cat-file -s a15524c887f675925875bf17891df86f5f2c208a [1ms]
2023-10-07 16:41:06.372 [info] > git show --textconv :samples/guessing_game.mira [1ms]
2023-10-07 16:41:08.974 [info] > git log --oneline --cherry master...master@{upstream} -- [2ms]
2023-10-07 16:41:10.183 [info] > git ls-files --stage -- /home/akali/Developer/Mira/samples/guessing_game.mira [1ms]
2023-10-07 16:41:10.190 [info] > git cat-file -s a15524c887f675925875bf17891df86f5f2c208a [1ms]
2023-10-07 16:41:10.198 [info] > git show --textconv :samples/guessing_game.mira [2ms]
2023-10-07 16:41:14.689 [info] > git pull --tags origin master [5709ms]
2023-10-07 16:41:14.689 [info] From github.com:davidgordon12/Mira
 * branch            master     -> FETCH_HEAD
2023-10-07 16:41:15.936 [info] > git ls-files --stage -- /home/akali/Developer/Mira/samples/guessing_game.mira [1ms]
2023-10-07 16:41:15.943 [info] > git cat-file -s a15524c887f675925875bf17891df86f5f2c208a [1ms]
2023-10-07 16:41:15.954 [info] > git show --textconv :samples/guessing_game.mira [3ms]
2023-10-07 16:41:20.812 [info] > git push origin master:master [6118ms]
2023-10-07 16:41:20.812 [info] To github.com:davidgordon12/Mira.git
   5ab0332..7652b62  master -> master
2023-10-07 16:41:20.832 [info] > git config --get commit.template [11ms]
2023-10-07 16:41:20.834 [info] > git for-each-ref --format=%(refname)%00%(upstream:short)%00%(objectname)%00%(upstream:track)%00%(upstream:remotename)%00%(upstream:remoteref) refs/heads/master refs/remotes/master [3ms]
2023-10-07 16:41:20.846 [info] > git status -z -uall [3ms]
2023-10-07 16:41:21.963 [info] > git config --get commit.template [6ms]
2023-10-07 16:41:21.964 [info] > git for-each-ref --format=%(refname)%00%(upstream:short)%00%(objectname)%00%(upstream:track)%00%(upstream:remotename)%00%(upstream:remoteref) refs/heads/master refs/remotes/master [2ms]
2023-10-07 16:41:21.972 [info] > git status -z -uall [3ms]
2023-10-07 16:41:22.059 [info] > git ls-files --stage -- /home/akali/Developer/Mira/samples/guessing_game.mira [1ms]
2023-10-07 16:41:22.067 [info] > git cat-file -s a15524c887f675925875bf17891df86f5f2c208a [1ms]
2023-10-07 16:41:22.078 [info] > git show --textconv :samples/guessing_game.mira [2ms]
2023-10-07 16:41:23.933 [info] > git fetch [668ms]
2023-10-07 16:41:23.941 [info] > git config --get commit.template [4ms]
2023-10-07 16:41:23.942 [info] > git for-each-ref --format=%(refname)%00%(upstream:short)%00%(objectname)%00%(upstream:track)%00%(upstream:remotename)%00%(upstream:remoteref) refs/heads/master refs/remotes/master [1ms]
2023-10-07 16:41:23.949 [info] > git status -z -uall [1ms]
2023-10-07 16:41:25.074 [info] > git ls-files --stage -- /home/akali/Developer/Mira/samples/guessing_game.mira [1ms]
2023-10-07 16:41:25.079 [info] > git cat-file -s a15524c887f675925875bf17891df86f5f2c208a [1ms]
2023-10-07 16:41:25.085 [info] > git show --textconv :samples/guessing_game.mira [1ms]
2023-10-07 16:41:26.994 [info] > git config --get commit.template [7ms]
2023-10-07 16:41:26.995 [info] > git for-each-ref --format=%(refname)%00%(upstream:short)%00%(objectname)%00%(upstream:track)%00%(upstream:remotename)%00%(upstream:remoteref) refs/heads/master refs/remotes/master [2ms]
2023-10-07 16:41:27.003 [info] > git status -z -uall [3ms]
2023-10-07 16:42:20.367 [info] > git config --get commit.template [6ms]
2023-10-07 16:42:20.368 [info] > git for-each-ref --format=%(refname)%00%(upstream:short)%00%(objectname)%00%(upstream:track)%00%(upstream:remotename)%00%(upstream:remoteref) refs/heads/master refs/remotes/master [1ms]
2023-10-07 16:42:20.374 [info] > git status -z -uall [1ms]
2023-10-07 16:42:37.067 [info] > git config --get commit.template [6ms]
2023-10-07 16:42:37.068 [info] > git for-each-ref --format=%(refname)%00%(upstream:short)%00%(objectname)%00%(upstream:track)%00%(upstream:remotename)%00%(upstream:remoteref) refs/heads/master refs/remotes/master [2ms]
2023-10-07 16:42:37.076 [info] > git status -z -uall [2ms]
2023-10-07 16:43:01.342 [info] > git config --get commit.template [7ms]
2023-10-07 16:43:01.343 [info] > git for-each-ref --format=%(refname)%00%(upstream:short)%00%(objectname)%00%(upstream:track)%00%(upstream:remotename)%00%(upstream:remoteref) refs/heads/master refs/remotes/master [1ms]
2023-10-07 16:43:01.349 [info] > git status -z -uall [1ms]
2023-10-07 16:43:48.164 [info] > git checkout -q -- /home/akali/Developer/Mira/samples/guessing_game.mira [2ms]
2023-10-07 16:43:48.179 [info] > git config --get commit.template [8ms]
2023-10-07 16:43:48.179 [info] > git for-each-ref --format=%(refname)%00%(upstream:short)%00%(objectname)%00%(upstream:track)%00%(upstream:remotename)%00%(upstream:remoteref) refs/heads/master refs/remotes/master [1ms]
2023-10-07 16:43:48.185 [info] > git status -z -uall [2ms]
2023-10-07 16:43:49.253 [info] > git config --get commit.template [4ms]
2023-10-07 16:43:49.254 [info] > git for-each-ref --format=%(refname)%00%(upstream:short)%00%(objectname)%00%(upstream:track)%00%(upstream:remotename)%00%(upstream:remoteref) refs/heads/master refs/remotes/master [1ms]
2023-10-07 16:43:49.260 [info] > git status -z -uall [1ms]
2023-10-07 16:43:49.345 [info] > git ls-files --stage -- /home/akali/Developer/Mira/samples/guessing_game.mira [1ms]
2023-10-07 16:43:49.350 [info] > git cat-file -s a15524c887f675925875bf17891df86f5f2c208a [1ms]
2023-10-07 16:43:49.356 [info] > git show --textconv :samples/guessing_game.mira [1ms]
2023-10-07 16:43:55.772 [info] > git config --get commit.template [6ms]
2023-10-07 16:43:55.773 [info] > git for-each-ref --format=%(refname)%00%(upstream:short)%00%(objectname)%00%(upstream:track)%00%(upstream:remotename)%00%(upstream:remoteref) refs/heads/master refs/remotes/master [1ms]
2023-10-07 16:43:55.779 [info] > git status -z -uall [1ms]
2023-10-07 16:44:01.796 [info] > git config --get commit.template [4ms]
2023-10-07 16:44:01.797 [info] > git for-each-ref --format=%(refname)%00%(upstream:short)%00%(objectname)%00%(upstream:track)%00%(upstream:remotename)%00%(upstream:remoteref) refs/heads/master refs/remotes/master [1ms]
2023-10-07 16:44:01.802 [info] > git status -z -uall [2ms]
2023-10-07 16:44:01.883 [info] > git ls-files --stage -- /home/akali/Developer/Mira/samples/guessing_game.mira [1ms]
2023-10-07 16:44:01.888 [info] > git cat-file -s a15524c887f675925875bf17891df86f5f2c208a [1ms]
2023-10-07 16:44:01.901 [info] > git show --textconv :samples/guessing_game.mira [2ms]
2023-10-07 16:44:08.792 [info] > git config --get commit.template [1ms]
2023-10-07 16:44:08.797 [info] > git for-each-ref --format=%(refname)%00%(upstream:short)%00%(objectname)%00%(upstream:track)%00%(upstream:remotename)%00%(upstream:remoteref) refs/heads/master refs/remotes/master [1ms]
2023-10-07 16:44:08.802 [info] > git status -z -uall [2ms]
2023-10-07 16:44:08.888 [info] > git ls-files --stage -- /home/akali/Developer/Mira/samples/guessing_game.mira [1ms]
2023-10-07 16:44:08.893 [info] > git cat-file -s a15524c887f675925875bf17891df86f5f2c208a [1ms]
2023-10-07 16:44:08.901 [info] > git show --textconv :samples/guessing_game.mira [2ms]
2023-10-07 16:44:11.652 [info] > git show --textconv :samples/fibonacci.mira [5ms]
2023-10-07 16:44:11.653 [info] > git ls-files --stage -- /home/akali/Developer/Mira/samples/fibonacci.mira [1ms]
2023-10-07 16:44:11.659 [info] > git cat-file -s 29db43a32fb0ae15304ef0b7e2d3ea7c3f66b1ed [1ms]
2023-10-07 16:44:18.239 [info] > git config --get commit.template [4ms]
2023-10-07 16:44:18.240 [info] > git for-each-ref --format=%(refname)%00%(upstream:short)%00%(objectname)%00%(upstream:track)%00%(upstream:remotename)%00%(upstream:remoteref) refs/heads/master refs/remotes/master [2ms]
2023-10-07 16:44:18.246 [info] > git status -z -uall [2ms]
2023-10-07 16:44:24.646 [info] > git fetch [691ms]
2023-10-07 16:44:24.657 [info] > git config --get commit.template [6ms]
2023-10-07 16:44:24.657 [info] > git for-each-ref --format=%(refname)%00%(upstream:short)%00%(objectname)%00%(upstream:track)%00%(upstream:remotename)%00%(upstream:remoteref) refs/heads/master refs/remotes/master [2ms]
2023-10-07 16:44:24.663 [info] > git status -z -uall [1ms]
2023-10-07 16:44:25.752 [info] > git config --get commit.template [6ms]
2023-10-07 16:44:25.753 [info] > git for-each-ref --format=%(refname)%00%(upstream:short)%00%(objectname)%00%(upstream:track)%00%(upstream:remotename)%00%(upstream:remoteref) refs/heads/master refs/remotes/master [2ms]
2023-10-07 16:44:25.759 [info] > git status -z -uall [2ms]
2023-10-07 16:44:25.838 [info] > git ls-files --stage -- /home/akali/Developer/Mira/samples/fibonacci.mira [2ms]
2023-10-07 16:44:25.843 [info] > git cat-file -s 29db43a32fb0ae15304ef0b7e2d3ea7c3f66b1ed [1ms]
2023-10-07 16:44:25.851 [info] > git show --textconv :samples/fibonacci.mira [2ms]
2023-10-07 16:44:31.266 [info] > git config --get commit.template [5ms]
2023-10-07 16:44:31.266 [info] > git for-each-ref --format=%(refname)%00%(upstream:short)%00%(objectname)%00%(upstream:track)%00%(upstream:remotename)%00%(upstream:remoteref) refs/heads/master refs/remotes/master [1ms]
2023-10-07 16:44:31.272 [info] > git status -z -uall [1ms]
2023-10-07 16:44:43.256 [info] > git config --get commit.template [6ms]
2023-10-07 16:44:43.257 [info] > git for-each-ref --format=%(refname)%00%(upstream:short)%00%(objectname)%00%(upstream:track)%00%(upstream:remotename)%00%(upstream:remoteref) refs/heads/master refs/remotes/master [2ms]
2023-10-07 16:44:43.263 [info] > git status -z -uall [2ms]
2023-10-07 16:46:08.734 [info] > git show --textconv :samples/guessing_game.mira [5ms]
2023-10-07 16:46:08.735 [info] > git ls-files --stage -- /home/akali/Developer/Mira/samples/guessing_game.mira [1ms]
2023-10-07 16:46:08.741 [info] > git cat-file -s a15524c887f675925875bf17891df86f5f2c208a [1ms]
2023-10-07 16:46:20.243 [info] > git config --get commit.template [4ms]
2023-10-07 16:46:20.244 [info] > git for-each-ref --format=%(refname)%00%(upstream:short)%00%(objectname)%00%(upstream:track)%00%(upstream:remotename)%00%(upstream:remoteref) refs/heads/master refs/remotes/master [1ms]
2023-10-07 16:46:20.251 [info] > git status -z -uall [1ms]
2023-10-07 16:46:25.271 [info] > git config --get commit.template [7ms]
2023-10-07 16:46:25.272 [info] > git for-each-ref --format=%(refname)%00%(upstream:short)%00%(objectname)%00%(upstream:track)%00%(upstream:remotename)%00%(upstream:remoteref) refs/heads/master refs/remotes/master [2ms]
2023-10-07 16:46:25.278 [info] > git status -z -uall [1ms]
2023-10-07 16:46:37.761 [info] > git check-ignore -v -z --stdin [1ms]
2023-10-07 16:46:40.083 [info] > git check-ignore -v -z --stdin [1ms]
2023-10-07 16:47:25.455 [info] > git fetch [771ms]
2023-10-07 16:47:25.462 [info] > git config --get commit.template [1ms]
2023-10-07 16:47:25.468 [info] > git for-each-ref --format=%(refname)%00%(upstream:short)%00%(objectname)%00%(upstream:track)%00%(upstream:remotename)%00%(upstream:remoteref) refs/heads/master refs/remotes/master [2ms]
2023-10-07 16:47:25.474 [info] > git status -z -uall [2ms]
2023-10-07 16:47:35.028 [info] > git check-ignore -v -z --stdin [1ms]
2023-10-07 16:47:35.228 [info] > git show --textconv :src/core/lexer/lexer.c [6ms]
2023-10-07 16:47:35.229 [info] > git ls-files --stage -- /home/akali/Developer/Mira/src/core/lexer/lexer.c [2ms]
2023-10-07 16:47:35.236 [info] > git cat-file -s f3c78fea35643c8c17de79ecf4d52b2fd32e7b40 [1ms]
2023-10-07 16:47:49.851 [info] > git show --textconv :src/core/lexer/lexer.c [14ms]
2023-10-07 16:47:49.851 [info] > git ls-files --stage -- /home/akali/Developer/Mira/src/core/lexer/lexer.c [1ms]
2023-10-07 16:47:49.859 [info] > git cat-file -s f3c78fea35643c8c17de79ecf4d52b2fd32e7b40 [2ms]
2023-10-07 16:50:26.232 [info] > git fetch [744ms]
2023-10-07 16:50:26.245 [info] > git config --get commit.template [7ms]
2023-10-07 16:50:26.246 [info] > git for-each-ref --format=%(refname)%00%(upstream:short)%00%(objectname)%00%(upstream:track)%00%(upstream:remotename)%00%(upstream:remoteref) refs/heads/master refs/remotes/master [2ms]
2023-10-07 16:50:26.254 [info] > git status -z -uall [2ms]
2023-10-07 16:50:32.793 [info] > git show --textconv :samples/guessing_game.mira [8ms]
2023-10-07 16:50:32.793 [info] > git ls-files --stage -- /home/akali/Developer/Mira/samples/guessing_game.mira [1ms]
2023-10-07 16:50:32.802 [info] > git cat-file -s a15524c887f675925875bf17891df86f5f2c208a [3ms]
2023-10-07 16:50:36.279 [info] > git show --textconv :src/core/lexer/lexer.c [8ms]
2023-10-07 16:50:36.280 [info] > git ls-files --stage -- /home/akali/Developer/Mira/src/core/lexer/lexer.c [1ms]
2023-10-07 16:50:36.289 [info] > git cat-file -s f3c78fea35643c8c17de79ecf4d52b2fd32e7b40 [3ms]
