2023-10-07 16:49:34.578 [info] /home/akali/.config/Code/User/settings.json closed
2023-10-07 16:49:34.615 [info] Configuration changed
2023-10-07 16:49:56.345 [info] Configuration changed
2023-10-07 16:49:58.385 [info] /home/akali/.config/Code/User/settings.json closed
2023-10-07 16:49:58.413 [info] Configuration changed
2023-10-07 16:49:58.620 [info] /home/akali/.config/Code/User/settings.json closed
2023-10-07 16:49:58.653 [info] Configuration changed
2023-10-07 16:50:07.122 [info] /home/akali/.config/Code/User/settings.json closed
2023-10-07 16:50:07.148 [info] Configuration changed
2023-10-07 16:50:10.648 [info] /home/akali/.config/Code/User/settings.json closed
2023-10-07 16:50:10.678 [info] Configuration changed
2023-10-07 16:50:13.958 [info] /home/akali/.config/Code/User/settings.json closed
2023-10-07 16:50:13.985 [info] Configuration changed
2023-10-07 16:50:16.598 [info] /home/akali/.config/Code/User/settings.json closed
2023-10-07 16:50:16.625 [info] Configuration changed
2023-10-07 16:50:20.011 [info] /home/akali/.config/Code/User/settings.json closed
2023-10-07 16:50:20.033 [info] Configuration changed
2023-10-07 16:50:26.253 [info] /home/akali/.config/Code/User/settings.json closed
2023-10-07 16:50:26.279 [info] Configuration changed
2023-10-07 16:50:26.482 [info] /home/akali/.config/Code/User/settings.json closed
2023-10-07 16:50:26.504 [info] Configuration changed
2023-10-07 16:50:28.014 [info] /home/akali/.config/Code/User/settings.json closed
2023-10-07 16:50:28.039 [info] Configuration changed
2023-10-07 16:50:28.231 [info] /home/akali/.config/Code/User/settings.json closed
2023-10-07 16:50:28.250 [info] Configuration changed
2023-10-07 16:50:29.532 [info] /home/akali/.config/Code/User/settings.json closed
2023-10-07 16:50:29.557 [info] Configuration changed
2023-10-07 16:50:29.765 [info] /home/akali/.config/Code/User/settings.json closed
2023-10-07 16:50:29.808 [info] Configuration changed
2023-10-07 16:50:31.236 [info] /home/akali/.config/Code/User/settings.json closed
2023-10-07 16:50:31.257 [info] Configuration changed
2023-10-07 16:50:31.473 [info] /home/akali/.config/Code/User/settings.json closed
2023-10-07 16:50:31.536 [info] Configuration changed
2023-10-07 16:50:32.552 [info] Active editor: file:///home/akali/Developer/Mira/samples/guessing_game.mira
2023-10-07 16:50:36.003 [info] Active editor: file:///home/akali/Developer/Mira/src/core/lexer/lexer.c
2023-10-07 16:50:36.065 [info] /home/akali/Developer/Mira/samples/guessing_game.mira.git closed
